<?xml version="1.0" encoding="UTF-8"?>
<!-- Generated by org.testng.reporters.JUnitReportReporter -->
<testsuite hostname="SCI-DT-161" name="com.website.test.TestNGdataprovider" tests="7" failures="0" timestamp="9 Jun 2016 13:19:49 GMT" time="0.036" errors="0">
  <testcase name="test" time="0.035" classname="com.website.test.TestNGdataprovider"/>
  <testcase name="test" time="0.000" classname="com.website.test.TestNGdataprovider"/>
  <testcase name="test" time="0.001" classname="com.website.test.TestNGdataprovider"/>
  <testcase name="test" time="0.000" classname="com.website.test.TestNGdataprovider"/>
  <testcase name="test" time="0.000" classname="com.website.test.TestNGdataprovider"/>
  <testcase name="test" time="0.000" classname="com.website.test.TestNGdataprovider"/>
  <testcase name="test" time="0.000" classname="com.website.test.TestNGdataprovider"/>
</testsuite> <!-- com.website.test.TestNGdataprovider -->
